## tests

Command: python -m pytest
Exit code: 0

============================= test session starts =============================
platform win32 -- Python 3.11.9, pytest-9.0.3, pluggy-1.6.0
rootdir: D:\4. Project\forge
configfile: pyproject.toml
testpaths: tests
collected 10 items

tests\test_gap.py .                                                      [ 10%]
tests\test_git_guard.py ..                                               [ 30%]
tests\test_memory.py ..                                                  [ 50%]
tests\test_run_context.py .                                              [ 60%]
tests\test_status.py ..                                                  [ 80%]
tests\test_test_runner.py ..                                             [100%]

============================= 10 passed in 1.67s ==============================

## lint

Command: python -m compileall -q src/forge
Exit code: 0


